<?xml version="1.0" encoding="UTF-8"?>
<coverage generated="1747725056907" clover="3.2.0">
  <project timestamp="1747725056908" name="All files">
    <metrics statements="71" coveredstatements="71" conditionals="13" coveredconditionals="13" methods="25" coveredmethods="25" elements="109" coveredelements="109" complexity="0" loc="71" ncloc="71" packages="4" files="7" classes="7"/>
    <package name="Cart">
      <metrics statements="33" coveredstatements="33" conditionals="10" coveredconditionals="10" methods="12" coveredmethods="12"/>
      <file name="Cart.tsx" path="C:\Users\2223033\Projects\react-router-prompt_demo\src\components\Cart\Cart.tsx">
        <metrics statements="33" coveredstatements="33" conditionals="10" coveredconditionals="10" methods="12" coveredmethods="12"/>
        <line num="1" count="1" type="stmt"/>
        <line num="3" count="1" type="stmt"/>
        <line num="4" count="1" type="stmt"/>
        <line num="5" count="1" type="stmt"/>
        <line num="6" count="1" type="stmt"/>
        <line num="7" count="1" type="stmt"/>
        <line num="21" count="25" type="stmt"/>
        <line num="22" count="25" type="stmt"/>
        <line num="23" count="25" type="stmt"/>
        <line num="24" count="25" type="stmt"/>
        <line num="26" count="25" type="stmt"/>
        <line num="27" count="7" type="stmt"/>
        <line num="28" count="7" type="stmt"/>
        <line num="29" count="7" type="stmt"/>
        <line num="30" count="7" type="stmt"/>
        <line num="31" count="7" type="cond" truecount="2" falsecount="0"/>
        <line num="32" count="18" type="stmt"/>
        <line num="33" count="18" type="stmt"/>
        <line num="36" count="18" type="stmt"/>
        <line num="37" count="18" type="stmt"/>
        <line num="38" count="18" type="cond" truecount="4" falsecount="0"/>
        <line num="39" count="15" type="stmt"/>
        <line num="53" count="3" type="stmt"/>
        <line num="57" count="1" type="stmt"/>
        <line num="61" count="25" type="stmt"/>
        <line num="62" count="7" type="stmt"/>
        <line num="65" count="25" type="stmt"/>
        <line num="66" count="3" type="stmt"/>
        <line num="69" count="25" type="stmt"/>
        <line num="83" count="33" type="stmt"/>
        <line num="86" count="11" type="stmt"/>
        <line num="89" count="5" type="stmt"/>
        <line num="98" count="1" type="stmt"/>
      </file>
    </package>
    <package name="Products">
      <metrics statements="4" coveredstatements="4" conditionals="0" coveredconditionals="0" methods="2" coveredmethods="2"/>
      <file name="Products.tsx" path="C:\Users\2223033\Projects\react-router-prompt_demo\src\components\Products\Products.tsx">
        <metrics statements="3" coveredstatements="3" conditionals="0" coveredconditionals="0" methods="1" coveredmethods="1"/>
        <line num="2" count="1" type="stmt"/>
        <line num="5" count="5" type="stmt"/>
        <line num="18" count="1" type="stmt"/>
      </file>
      <file name="index.ts" path="C:\Users\2223033\Projects\react-router-prompt_demo\src\components\Products\index.ts">
        <metrics statements="1" coveredstatements="1" conditionals="0" coveredconditionals="0" methods="1" coveredmethods="1"/>
        <line num="1" count="6" type="stmt"/>
      </file>
    </package>
    <package name="common.Navigation">
      <metrics statements="5" coveredstatements="5" conditionals="0" coveredconditionals="0" methods="2" coveredmethods="2"/>
      <file name="Navigation.tsx" path="C:\Users\2223033\Projects\react-router-prompt_demo\src\components\common\Navigation\Navigation.tsx">
        <metrics statements="4" coveredstatements="4" conditionals="0" coveredconditionals="0" methods="1" coveredmethods="1"/>
        <line num="1" count="1" type="stmt"/>
        <line num="3" count="1" type="stmt"/>
        <line num="4" count="7" type="stmt"/>
        <line num="16" count="1" type="stmt"/>
      </file>
      <file name="index.ts" path="C:\Users\2223033\Projects\react-router-prompt_demo\src\components\common\Navigation\index.ts">
        <metrics statements="1" coveredstatements="1" conditionals="0" coveredconditionals="0" methods="1" coveredmethods="1"/>
        <line num="1" count="3" type="stmt"/>
      </file>
    </package>
    <package name="common.Prompt">
      <metrics statements="29" coveredstatements="29" conditionals="3" coveredconditionals="3" methods="9" coveredmethods="9"/>
      <file name="Prompt.tsx" path="C:\Users\2223033\Projects\react-router-prompt_demo\src\components\common\Prompt\Prompt.tsx">
        <metrics statements="28" coveredstatements="28" conditionals="3" coveredconditionals="3" methods="8" coveredmethods="8"/>
        <line num="1" count="1" type="stmt"/>
        <line num="2" count="1" type="stmt"/>
        <line num="3" count="1" type="stmt"/>
        <line num="4" count="1" type="stmt"/>
        <line num="5" count="1" type="stmt"/>
        <line num="6" count="1" type="stmt"/>
        <line num="7" count="1" type="stmt"/>
        <line num="8" count="1" type="stmt"/>
        <line num="17" count="18" type="stmt"/>
        <line num="18" count="18" type="stmt"/>
        <line num="20" count="18" type="stmt"/>
        <line num="22" count="1" type="cond" truecount="1" falsecount="0"/>
        <line num="23" count="1" type="stmt"/>
        <line num="29" count="18" type="stmt"/>
        <line num="30" count="15" type="cond" truecount="1" falsecount="0"/>
        <line num="31" count="3" type="stmt"/>
        <line num="32" count="3" type="stmt"/>
        <line num="33" count="3" type="stmt"/>
        <line num="38" count="18" type="stmt"/>
        <line num="47" count="3" type="stmt"/>
        <line num="48" count="3" type="cond" truecount="1" falsecount="0"/>
        <line num="49" count="3" type="stmt"/>
        <line num="51" count="3" type="stmt"/>
        <line num="52" count="3" type="stmt"/>
        <line num="58" count="6" type="stmt"/>
        <line num="70" count="1" type="stmt"/>
        <line num="77" count="1" type="stmt"/>
        <line num="90" count="1" type="stmt"/>
      </file>
      <file name="index.ts" path="C:\Users\2223033\Projects\react-router-prompt_demo\src\components\common\Prompt\index.ts">
        <metrics statements="1" coveredstatements="1" conditionals="0" coveredconditionals="0" methods="1" coveredmethods="1"/>
        <line num="1" count="19" type="stmt"/>
      </file>
    </package>
  </project>
</coverage>
