TN:
SF:src\components\Cart\Cart.tsx
FN:20,Cart
FN:26,(anonymous_17)
FN:26,(anonymous_18)
FN:32,(anonymous_19)
FN:32,(anonymous_20)
FN:39,(anonymous_21)
FN:61,(anonymous_22)
FN:65,(anonymous_23)
FN:82,(anonymous_24)
FN:83,(anonymous_25)
FN:85,(anonymous_26)
FN:88,(anonymous_27)
FNF:12
FNH:12
FNDA:25,Cart
FNDA:7,(anonymous_17)
FNDA:7,(anonymous_18)
FNDA:18,(anonymous_19)
FNDA:18,(anonymous_20)
FNDA:15,(anonymous_21)
FNDA:7,(anonymous_22)
FNDA:3,(anonymous_23)
FNDA:33,(anonymous_24)
FNDA:33,(anonymous_25)
FNDA:11,(anonymous_26)
FNDA:5,(anonymous_27)
DA:1,1
DA:3,1
DA:4,1
DA:5,1
DA:6,1
DA:7,1
DA:21,25
DA:22,25
DA:23,25
DA:24,25
DA:26,25
DA:27,7
DA:28,7
DA:29,7
DA:30,7
DA:31,7
DA:32,18
DA:33,18
DA:36,18
DA:37,18
DA:38,18
DA:39,15
DA:53,3
DA:57,1
DA:61,25
DA:62,7
DA:65,25
DA:66,3
DA:69,25
DA:83,33
DA:86,11
DA:89,5
DA:98,1
LF:33
LH:33
BRDA:31,0,0,6
BRDA:31,0,1,1
BRDA:38,1,0,15
BRDA:38,1,1,3
BRDA:38,2,0,18
BRDA:38,2,1,15
BRDA:71,3,0,7
BRDA:71,3,1,18
BRDA:79,4,0,18
BRDA:79,4,1,11
BRF:10
BRH:10
end_of_record
TN:
SF:src\components\Products\Products.tsx
FN:4,Products
FNF:1
FNH:1
FNDA:5,Products
DA:2,1
DA:5,5
DA:18,1
LF:3
LH:3
BRF:0
BRH:0
end_of_record
TN:
SF:src\components\Products\index.ts
FN:1,(anonymous_1)
FNF:1
FNH:1
FNDA:5,(anonymous_1)
DA:1,6
LF:1
LH:1
BRF:0
BRH:0
end_of_record
TN:
SF:src\components\common\Navigation\Navigation.tsx
FN:3,(anonymous_0)
FNF:1
FNH:1
FNDA:7,(anonymous_0)
DA:1,1
DA:3,1
DA:4,7
DA:16,1
LF:4
LH:4
BRF:0
BRH:0
end_of_record
TN:
SF:src\components\common\Navigation\index.ts
FN:1,(anonymous_1)
FNF:1
FNH:1
FNDA:2,(anonymous_1)
DA:1,3
LF:1
LH:1
BRF:0
BRH:0
end_of_record
TN:
SF:src\components\common\Prompt\Prompt.tsx
FN:10,Prompt
FN:21,(anonymous_11)
FN:29,(anonymous_12)
FN:32,(anonymous_13)
FN:46,(anonymous_14)
FN:57,(anonymous_15)
FN:70,(anonymous_16)
FN:77,(anonymous_17)
FNF:8
FNH:8
FNDA:18,Prompt
FNDA:1,(anonymous_11)
FNDA:15,(anonymous_12)
FNDA:3,(anonymous_13)
FNDA:3,(anonymous_14)
FNDA:6,(anonymous_15)
FNDA:1,(anonymous_16)
FNDA:1,(anonymous_17)
DA:1,1
DA:2,1
DA:3,1
DA:4,1
DA:5,1
DA:6,1
DA:7,1
DA:8,1
DA:17,18
DA:18,18
DA:20,18
DA:22,1
DA:23,1
DA:29,18
DA:30,15
DA:31,3
DA:32,3
DA:33,3
DA:38,18
DA:47,3
DA:48,3
DA:49,3
DA:51,3
DA:52,3
DA:58,6
DA:70,1
DA:77,1
DA:90,1
LF:28
LH:28
BRDA:22,0,0,1
BRDA:30,1,0,3
BRDA:48,2,0,3
BRF:3
BRH:3
end_of_record
TN:
SF:src\components\common\Prompt\index.ts
FN:1,(anonymous_1)
FNF:1
FNH:1
FNDA:18,(anonymous_1)
DA:1,19
LF:1
LH:1
BRF:0
BRH:0
end_of_record
